<?xml version="1.0" encoding="UTF-8"?>
<robot generator="Robot 3.1.2 (Python 3.8.1 on win32)" generated="20200205 15:07:20.307" rpa="false">
<suite id="s1" name="Gherkin" source="C:\Praful\Python\RobotDemo\gherkin.robot">
<test id="s1-t1" name="Addition">
<kw name="Given calculator has been cleared">
<kw name="Push Button" library="CalculatorLibrary">
<doc>Pushes the specified ``button``.</doc>
<arguments>
<arg>C</arg>
</arguments>
<status status="PASS" starttime="20200205 15:07:20.345" endtime="20200205 15:07:20.346"></status>
</kw>
<status status="PASS" starttime="20200205 15:07:20.345" endtime="20200205 15:07:20.346"></status>
</kw>
<kw name="When user types &quot;1 + 1&quot;">
<kw name="Push Buttons" library="CalculatorLibrary">
<doc>Pushes the specified ``buttons``.</doc>
<arguments>
<arg>${expression}</arg>
</arguments>
<status status="PASS" starttime="20200205 15:07:20.347" endtime="20200205 15:07:20.347"></status>
</kw>
<status status="PASS" starttime="20200205 15:07:20.346" endtime="20200205 15:07:20.347"></status>
</kw>
<kw name="and user pushes equals">
<kw name="Push Button" library="CalculatorLibrary">
<doc>Pushes the specified ``button``.</doc>
<arguments>
<arg>=</arg>
</arguments>
<status status="PASS" starttime="20200205 15:07:20.348" endtime="20200205 15:07:20.348"></status>
</kw>
<status status="PASS" starttime="20200205 15:07:20.347" endtime="20200205 15:07:20.348"></status>
</kw>
<kw name="Then result is &quot;2&quot;">
<kw name="Result Should Be" library="CalculatorLibrary">
<doc>Verifies that the current result is ``expected``.</doc>
<arguments>
<arg>${result}</arg>
</arguments>
<status status="PASS" starttime="20200205 15:07:20.349" endtime="20200205 15:07:20.349"></status>
</kw>
<status status="PASS" starttime="20200205 15:07:20.348" endtime="20200205 15:07:20.349"></status>
</kw>
<status status="PASS" starttime="20200205 15:07:20.344" endtime="20200205 15:07:20.349" critical="yes"></status>
</test>
<doc>Example test case using the gherkin syntax.

This test has a workflow similar to the keyword-driven
examples. The difference is that the keywords use higher
abstraction level and their arguments are embedded into
the keyword names.

This kind of _gherkin_ syntax has been made popular by
[http://cukes.info|Cucumber]. It works well especially when
tests act as examples that need to be easily understood also
by the business people.</doc>
<status status="PASS" starttime="20200205 15:07:20.310" endtime="20200205 15:07:20.351"></status>
</suite>
<statistics>
<total>
<stat pass="1" fail="0">Critical Tests</stat>
<stat pass="1" fail="0">All Tests</stat>
</total>
<tag>
</tag>
<suite>
<stat pass="1" fail="0" id="s1" name="Gherkin">Gherkin</stat>
</suite>
</statistics>
<errors>
</errors>
</robot>
