<?xml version="1.0" encoding="UTF-8"?>
<robot generator="Robot 3.2.1 (Python 3.8.5 on win32)" generated="20200726 16:50:40.565" rpa="false">
<suite id="s1" name="Apitesting" source="C:\Users\user\Documents\GitHub\PythonTutorial\RobotFramework\apitesting.robot">
<test id="s1-t1" name="LISTUSERS GET API">
<kw name="When &quot;LISTUSERS&quot; GET request is sent to &quot;https://reqres.in&quot; site">
<kw name="List Users" library="apitesting">
<arguments>
<arg>${APINAME}</arg>
<arg>${ENDPOINT}</arg>
</arguments>
<msg timestamp="20200726 16:50:42.308" level="INFO">Response {'page': 2, 'per_page': 6, 'total': 12, 'total_pages': 2, 'data': [{'id': 7, 'email': 'michael.lawson@reqres.in', 'first_name': 'Michael', 'last_name': 'Lawson', 'avatar': 'https://s3.amazonaws.com/uifaces/faces/twitter/follettkyle/128.jpg'}, {'id': 8, 'email': 'lindsay.ferguson@reqres.in', 'first_name': 'Lindsay', 'last_name': 'Ferguson', 'avatar': 'https://s3.amazonaws.com/uifaces/faces/twitter/araa3185/128.jpg'}, {'id': 9, 'email': 'tobias.funke@reqres.in', 'first_name': 'Tobias', 'last_name': 'Funke', 'avatar': 'https://s3.amazonaws.com/uifaces/faces/twitter/vivekprvr/128.jpg'}, {'id': 10, 'email': 'byron.fields@reqres.in', 'first_name': 'Byron', 'last_name': 'Fields', 'avatar': 'https://s3.amazonaws.com/uifaces/faces/twitter/russoedu/128.jpg'}, {'id': 11, 'email': 'george.edwards@reqres.in', 'first_name': 'George', 'last_name': 'Edwards', 'avatar': 'https://s3.amazonaws.com/uifaces/faces/twitter/mrmoiree/128.jpg'}, {'id': 12, 'email': 'rachel.howell@reqres.in', 'first_name': 'Rachel', 'last_name': 'Howell', 'avatar': 'https://s3.amazonaws.com/uifaces/faces/twitter/hebertialmeida/128.jpg'}], 'ad': {'company': 'StatusCode Weekly', 'url': 'http://statuscode.org/', 'text': 'A weekly newsletter focusing on software development, infrastructure, the server, performance, and the stack end of things.'}} is displayed</msg>
<status status="PASS" starttime="20200726 16:50:41.342" endtime="20200726 16:50:42.312"></status>
</kw>
<status status="PASS" starttime="20200726 16:50:41.339" endtime="20200726 16:50:42.313"></status>
</kw>
<kw name="Then Status code &quot;200&quot; is received">
<kw name="Verify Status Code" library="apitesting">
<arguments>
<arg>${STATUSCODE}</arg>
</arguments>
<msg timestamp="20200726 16:50:42.317" level="INFO">Status code 200 is displayed</msg>
<status status="PASS" starttime="20200726 16:50:42.316" endtime="20200726 16:50:42.317"></status>
</kw>
<status status="PASS" starttime="20200726 16:50:42.314" endtime="20200726 16:50:42.317"></status>
</kw>
<tags>
<tag>DEBUG</tag>
</tags>
<status status="PASS" starttime="20200726 16:50:41.337" endtime="20200726 16:50:42.319" critical="yes"></status>
</test>
<test id="s1-t2" name="UPDATE USER PUT API">
<kw name="When &quot;UPDATEUSER&quot; PUT request is sent to &quot;https://reqres.in&quot; site">
<kw name="Create Dictionary" library="BuiltIn">
<doc>Creates and returns a dictionary based on the given ``items``.</doc>
<arguments>
<arg>name= morpheus1</arg>
<arg>job= zion resident</arg>
</arguments>
<assign>
<var>&amp;{DATA}</var>
</assign>
<msg timestamp="20200726 16:50:42.333" level="INFO">&amp;{DATA} = { name= morpheus1 | job= zion resident }</msg>
<status status="PASS" starttime="20200726 16:50:42.328" endtime="20200726 16:50:42.333"></status>
</kw>
<kw name="Update User" library="apitesting">
<arguments>
<arg>${APINAME}</arg>
<arg>${ENDPOINT}</arg>
<arg>${DATA}</arg>
</arguments>
<msg timestamp="20200726 16:50:43.094" level="INFO">Response {'name': ' morpheus1', 'job': ' zion resident', 'updatedAt': '2020-07-26T11:20:43.358Z'} is displayed</msg>
<status status="PASS" starttime="20200726 16:50:42.334" endtime="20200726 16:50:43.095"></status>
</kw>
<status status="PASS" starttime="20200726 16:50:42.326" endtime="20200726 16:50:43.095"></status>
</kw>
<kw name="Then Status code &quot;200&quot; is received">
<kw name="Verify Status Code" library="apitesting">
<arguments>
<arg>${STATUSCODE}</arg>
</arguments>
<msg timestamp="20200726 16:50:43.099" level="INFO">Status code 200 is displayed</msg>
<status status="PASS" starttime="20200726 16:50:43.098" endtime="20200726 16:50:43.099"></status>
</kw>
<status status="PASS" starttime="20200726 16:50:43.097" endtime="20200726 16:50:43.100"></status>
</kw>
<tags>
<tag>DEBUG</tag>
</tags>
<status status="PASS" starttime="20200726 16:50:42.324" endtime="20200726 16:50:43.101" critical="yes"></status>
</test>
<test id="s1-t3" name="CREATE USER POST API">
<kw name="When &quot;CREATEUSER&quot; POST request is sent to &quot;https://reqres.in&quot; site">
<kw name="Create Dictionary" library="BuiltIn">
<doc>Creates and returns a dictionary based on the given ``items``.</doc>
<arguments>
<arg>name= testuser</arg>
<arg>job= ind resident</arg>
</arguments>
<assign>
<var>&amp;{DATA}</var>
</assign>
<msg timestamp="20200726 16:50:43.113" level="INFO">&amp;{DATA} = { name= testuser | job= ind resident }</msg>
<status status="PASS" starttime="20200726 16:50:43.107" endtime="20200726 16:50:43.113"></status>
</kw>
<kw name="Update User" library="apitesting">
<arguments>
<arg>${APINAME}</arg>
<arg>${ENDPOINT}</arg>
<arg>${DATA}</arg>
</arguments>
<msg timestamp="20200726 16:50:44.081" level="INFO">Response {'name': ' testuser', 'job': ' ind resident', 'updatedAt': '2020-07-26T11:20:44.237Z'} is displayed</msg>
<status status="PASS" starttime="20200726 16:50:43.114" endtime="20200726 16:50:44.091"></status>
</kw>
<status status="PASS" starttime="20200726 16:50:43.106" endtime="20200726 16:50:44.101"></status>
</kw>
<kw name="Then Status code &quot;201&quot; is received">
<kw name="Verify Status Code" library="apitesting">
<arguments>
<arg>${STATUSCODE}</arg>
</arguments>
<msg timestamp="20200726 16:50:44.211" level="ERROR">Status code 201 is displayed</msg>
<status status="PASS" starttime="20200726 16:50:44.200" endtime="20200726 16:50:44.431"></status>
</kw>
<status status="PASS" starttime="20200726 16:50:44.180" endtime="20200726 16:50:44.441"></status>
</kw>
<tags>
<tag>DEBUG</tag>
</tags>
<status status="PASS" starttime="20200726 16:50:43.104" endtime="20200726 16:50:44.461" critical="yes"></status>
</test>
<test id="s1-t4" name="DELETE USER DELETE API">
<kw name="When &quot;DELETEUSER&quot; DELETE request is sent to &quot;https://reqres.in&quot; site for userid &quot;8&quot;">
<kw name="Delete User" library="apitesting">
<arguments>
<arg>${APINAME}</arg>
<arg>${ENDPOINT}</arg>
<arg>${USERID}</arg>
</arguments>
<msg timestamp="20200726 16:50:45.943" level="INFO">Response {'name': ' testuser', 'job': ' ind resident', 'updatedAt': '2020-07-26T11:20:44.237Z'} is displayed</msg>
<msg timestamp="20200726 16:50:45.947" level="INFO">https://reqres.in/api/users/8</msg>
<status status="PASS" starttime="20200726 16:50:44.667" endtime="20200726 16:50:45.948"></status>
</kw>
<status status="PASS" starttime="20200726 16:50:44.657" endtime="20200726 16:50:45.950"></status>
</kw>
<kw name="Then Status code &quot;204&quot; is received">
<kw name="Verify Status Code" library="apitesting">
<arguments>
<arg>${STATUSCODE}</arg>
</arguments>
<msg timestamp="20200726 16:50:45.958" level="INFO">Status code 204 is displayed</msg>
<status status="PASS" starttime="20200726 16:50:45.957" endtime="20200726 16:50:45.962"></status>
</kw>
<status status="PASS" starttime="20200726 16:50:45.954" endtime="20200726 16:50:45.963"></status>
</kw>
<tags>
<tag>DEBUG</tag>
</tags>
<status status="PASS" starttime="20200726 16:50:44.631" endtime="20200726 16:50:45.973" critical="yes"></status>
</test>
<doc>Suite description</doc>
<status status="PASS" starttime="20200726 16:50:40.592" endtime="20200726 16:50:46.008"></status>
</suite>
<statistics>
<total>
<stat pass="4" fail="0">Critical Tests</stat>
<stat pass="4" fail="0">All Tests</stat>
</total>
<tag>
<stat pass="4" fail="0">DEBUG</stat>
</tag>
<suite>
<stat pass="4" fail="0" id="s1" name="Apitesting">Apitesting</stat>
</suite>
</statistics>
<errors>
<msg timestamp="20200726 16:50:44.211" level="ERROR">Status code 201 is displayed</msg>
</errors>
</robot>
